INFO - 2024-07-17 13:21:57 --> Session: Class initialized using 'CodeIgniter\Session\Handlers\FileHandler' driver.
INFO - 2024-07-17 13:22:31 --> Session: Class initialized using 'CodeIgniter\Session\Handlers\FileHandler' driver.
ERROR - 2024-07-17 13:22:31 --> Error connecting to the database: mysqli_sql_exception: No such file or directory in /Users/fahminabilmaulana/Documents/Development/php/repository/vendor/codeigniter4/framework/system/Database/MySQLi/Connection.php:186
Stack trace:
#0 /Users/fahminabilmaulana/Documents/Development/php/repository/vendor/codeigniter4/framework/system/Database/MySQLi/Connection.php(186): mysqli->real_connect('localhost', 'root', Object(SensitiveParameterValue), 'repository', 3306, '', 0)
#1 /Users/fahminabilmaulana/Documents/Development/php/repository/vendor/codeigniter4/framework/system/Database/BaseConnection.php(421): CodeIgniter\Database\MySQLi\Connection->connect(false)
#2 /Users/fahminabilmaulana/Documents/Development/php/repository/vendor/codeigniter4/framework/system/Database/BaseConnection.php(616): CodeIgniter\Database\BaseConnection->initialize()
#3 /Users/fahminabilmaulana/Documents/Development/php/repository/vendor/codeigniter4/framework/system/Database/BaseBuilder.php(1636): CodeIgniter\Database\BaseConnection->query('SELECT *\nFROM `...', Array, false)
#4 /Users/fahminabilmaulana/Documents/Development/php/repository/vendor/codeigniter4/framework/system/Model.php(330): CodeIgniter\Database\BaseBuilder->get()
#5 /Users/fahminabilmaulana/Documents/Development/php/repository/vendor/codeigniter4/framework/system/BaseModel.php(714): CodeIgniter\Model->doFirst()
#6 /Users/fahminabilmaulana/Documents/Development/php/repository/app/Controllers/AuthController.php(26): CodeIgniter\BaseModel->first()
#7 /Users/fahminabilmaulana/Documents/Development/php/repository/vendor/codeigniter4/framework/system/CodeIgniter.php(933): App\Controllers\AuthController->doLogin()
#8 /Users/fahminabilmaulana/Documents/Development/php/repository/vendor/codeigniter4/framework/system/CodeIgniter.php(509): CodeIgniter\CodeIgniter->runController(Object(App\Controllers\AuthController))
#9 /Users/fahminabilmaulana/Documents/Development/php/repository/vendor/codeigniter4/framework/system/CodeIgniter.php(355): CodeIgniter\CodeIgniter->handleRequest(NULL, Object(Config\Cache), false)
#10 /Users/fahminabilmaulana/Documents/Development/php/repository/vendor/codeigniter4/framework/system/Boot.php(325): CodeIgniter\CodeIgniter->run()
#11 /Users/fahminabilmaulana/Documents/Development/php/repository/vendor/codeigniter4/framework/system/Boot.php(67): CodeIgniter\Boot::runCodeIgniter(Object(CodeIgniter\CodeIgniter))
#12 /Users/fahminabilmaulana/Documents/Development/php/repository/public/index.php(56): CodeIgniter\Boot::bootWeb(Object(Config\Paths))
#13 /Users/fahminabilmaulana/Documents/Development/php/repository/vendor/codeigniter4/framework/system/rewrite.php(44): require_once('/Users/fahminab...')
#14 {main}

Next CodeIgniter\Database\Exceptions\DatabaseException: No such file or directory in /Users/fahminabilmaulana/Documents/Development/php/repository/vendor/codeigniter4/framework/system/Database/MySQLi/Connection.php:231
Stack trace:
#0 /Users/fahminabilmaulana/Documents/Development/php/repository/vendor/codeigniter4/framework/system/Database/BaseConnection.php(421): CodeIgniter\Database\MySQLi\Connection->connect(false)
#1 /Users/fahminabilmaulana/Documents/Development/php/repository/vendor/codeigniter4/framework/system/Database/BaseConnection.php(616): CodeIgniter\Database\BaseConnection->initialize()
#2 /Users/fahminabilmaulana/Documents/Development/php/repository/vendor/codeigniter4/framework/system/Database/BaseBuilder.php(1636): CodeIgniter\Database\BaseConnection->query('SELECT *\nFROM `...', Array, false)
#3 /Users/fahminabilmaulana/Documents/Development/php/repository/vendor/codeigniter4/framework/system/Model.php(330): CodeIgniter\Database\BaseBuilder->get()
#4 /Users/fahminabilmaulana/Documents/Development/php/repository/vendor/codeigniter4/framework/system/BaseModel.php(714): CodeIgniter\Model->doFirst()
#5 /Users/fahminabilmaulana/Documents/Development/php/repository/app/Controllers/AuthController.php(26): CodeIgniter\BaseModel->first()
#6 /Users/fahminabilmaulana/Documents/Development/php/repository/vendor/codeigniter4/framework/system/CodeIgniter.php(933): App\Controllers\AuthController->doLogin()
#7 /Users/fahminabilmaulana/Documents/Development/php/repository/vendor/codeigniter4/framework/system/CodeIgniter.php(509): CodeIgniter\CodeIgniter->runController(Object(App\Controllers\AuthController))
#8 /Users/fahminabilmaulana/Documents/Development/php/repository/vendor/codeigniter4/framework/system/CodeIgniter.php(355): CodeIgniter\CodeIgniter->handleRequest(NULL, Object(Config\Cache), false)
#9 /Users/fahminabilmaulana/Documents/Development/php/repository/vendor/codeigniter4/framework/system/Boot.php(325): CodeIgniter\CodeIgniter->run()
#10 /Users/fahminabilmaulana/Documents/Development/php/repository/vendor/codeigniter4/framework/system/Boot.php(67): CodeIgniter\Boot::runCodeIgniter(Object(CodeIgniter\CodeIgniter))
#11 /Users/fahminabilmaulana/Documents/Development/php/repository/public/index.php(56): CodeIgniter\Boot::bootWeb(Object(Config\Paths))
#12 /Users/fahminabilmaulana/Documents/Development/php/repository/vendor/codeigniter4/framework/system/rewrite.php(44): require_once('/Users/fahminab...')
#13 {main}
CRITICAL - 2024-07-17 13:22:31 --> CodeIgniter\Database\Exceptions\DatabaseException: Unable to connect to the database.
Main connection [MySQLi]: No such file or directory
[Method: POST, Route: auth/login]
in SYSTEMPATH/Database/BaseConnection.php on line 467.
 1 SYSTEMPATH/Database/BaseConnection.php(616): CodeIgniter\Database\BaseConnection->initialize()
 2 SYSTEMPATH/Database/BaseBuilder.php(1636): CodeIgniter\Database\BaseConnection->query('SELECT *
FROM `users`
WHERE `username` = :username:
 LIMIT 1', [...], false)
 3 SYSTEMPATH/Model.php(330): CodeIgniter\Database\BaseBuilder->get()
 4 SYSTEMPATH/BaseModel.php(714): CodeIgniter\Model->doFirst()
 5 APPPATH/Controllers/AuthController.php(26): CodeIgniter\BaseModel->first()
 6 SYSTEMPATH/CodeIgniter.php(933): App\Controllers\AuthController->doLogin()
 7 SYSTEMPATH/CodeIgniter.php(509): CodeIgniter\CodeIgniter->runController(Object(App\Controllers\AuthController))
 8 SYSTEMPATH/CodeIgniter.php(355): CodeIgniter\CodeIgniter->handleRequest(null, Object(Config\Cache), false)
 9 SYSTEMPATH/Boot.php(325): CodeIgniter\CodeIgniter->run()
10 SYSTEMPATH/Boot.php(67): CodeIgniter\Boot::runCodeIgniter(Object(CodeIgniter\CodeIgniter))
11 FCPATH/index.php(56): CodeIgniter\Boot::bootWeb(Object(Config\Paths))
12 SYSTEMPATH/rewrite.php(44): require_once('/Users/fahminabilmaulana/Documents/Development/php/repository/public/index.php')
INFO - 2024-07-17 13:25:40 --> Session: Class initialized using 'CodeIgniter\Session\Handlers\FileHandler' driver.
INFO - 2024-07-17 13:25:44 --> Session: Class initialized using 'CodeIgniter\Session\Handlers\FileHandler' driver.
ERROR - 2024-07-17 13:25:44 --> Error connecting to the database: mysqli_sql_exception: No such file or directory in /Users/fahminabilmaulana/Documents/Development/php/repository/vendor/codeigniter4/framework/system/Database/MySQLi/Connection.php:186
Stack trace:
#0 /Users/fahminabilmaulana/Documents/Development/php/repository/vendor/codeigniter4/framework/system/Database/MySQLi/Connection.php(186): mysqli->real_connect('localhost', 'root', Object(SensitiveParameterValue), 'repository', 3306, '', 0)
#1 /Users/fahminabilmaulana/Documents/Development/php/repository/vendor/codeigniter4/framework/system/Database/BaseConnection.php(421): CodeIgniter\Database\MySQLi\Connection->connect(false)
#2 /Users/fahminabilmaulana/Documents/Development/php/repository/vendor/codeigniter4/framework/system/Database/BaseConnection.php(616): CodeIgniter\Database\BaseConnection->initialize()
#3 /Users/fahminabilmaulana/Documents/Development/php/repository/vendor/codeigniter4/framework/system/Database/BaseBuilder.php(1636): CodeIgniter\Database\BaseConnection->query('SELECT *\nFROM `...', Array, false)
#4 /Users/fahminabilmaulana/Documents/Development/php/repository/vendor/codeigniter4/framework/system/Model.php(330): CodeIgniter\Database\BaseBuilder->get()
#5 /Users/fahminabilmaulana/Documents/Development/php/repository/vendor/codeigniter4/framework/system/BaseModel.php(714): CodeIgniter\Model->doFirst()
#6 /Users/fahminabilmaulana/Documents/Development/php/repository/app/Controllers/AuthController.php(26): CodeIgniter\BaseModel->first()
#7 /Users/fahminabilmaulana/Documents/Development/php/repository/vendor/codeigniter4/framework/system/CodeIgniter.php(933): App\Controllers\AuthController->doLogin()
#8 /Users/fahminabilmaulana/Documents/Development/php/repository/vendor/codeigniter4/framework/system/CodeIgniter.php(509): CodeIgniter\CodeIgniter->runController(Object(App\Controllers\AuthController))
#9 /Users/fahminabilmaulana/Documents/Development/php/repository/vendor/codeigniter4/framework/system/CodeIgniter.php(355): CodeIgniter\CodeIgniter->handleRequest(NULL, Object(Config\Cache), false)
#10 /Users/fahminabilmaulana/Documents/Development/php/repository/vendor/codeigniter4/framework/system/Boot.php(325): CodeIgniter\CodeIgniter->run()
#11 /Users/fahminabilmaulana/Documents/Development/php/repository/vendor/codeigniter4/framework/system/Boot.php(67): CodeIgniter\Boot::runCodeIgniter(Object(CodeIgniter\CodeIgniter))
#12 /Users/fahminabilmaulana/Documents/Development/php/repository/public/index.php(56): CodeIgniter\Boot::bootWeb(Object(Config\Paths))
#13 /Users/fahminabilmaulana/Documents/Development/php/repository/vendor/codeigniter4/framework/system/rewrite.php(44): require_once('/Users/fahminab...')
#14 {main}

Next CodeIgniter\Database\Exceptions\DatabaseException: No such file or directory in /Users/fahminabilmaulana/Documents/Development/php/repository/vendor/codeigniter4/framework/system/Database/MySQLi/Connection.php:231
Stack trace:
#0 /Users/fahminabilmaulana/Documents/Development/php/repository/vendor/codeigniter4/framework/system/Database/BaseConnection.php(421): CodeIgniter\Database\MySQLi\Connection->connect(false)
#1 /Users/fahminabilmaulana/Documents/Development/php/repository/vendor/codeigniter4/framework/system/Database/BaseConnection.php(616): CodeIgniter\Database\BaseConnection->initialize()
#2 /Users/fahminabilmaulana/Documents/Development/php/repository/vendor/codeigniter4/framework/system/Database/BaseBuilder.php(1636): CodeIgniter\Database\BaseConnection->query('SELECT *\nFROM `...', Array, false)
#3 /Users/fahminabilmaulana/Documents/Development/php/repository/vendor/codeigniter4/framework/system/Model.php(330): CodeIgniter\Database\BaseBuilder->get()
#4 /Users/fahminabilmaulana/Documents/Development/php/repository/vendor/codeigniter4/framework/system/BaseModel.php(714): CodeIgniter\Model->doFirst()
#5 /Users/fahminabilmaulana/Documents/Development/php/repository/app/Controllers/AuthController.php(26): CodeIgniter\BaseModel->first()
#6 /Users/fahminabilmaulana/Documents/Development/php/repository/vendor/codeigniter4/framework/system/CodeIgniter.php(933): App\Controllers\AuthController->doLogin()
#7 /Users/fahminabilmaulana/Documents/Development/php/repository/vendor/codeigniter4/framework/system/CodeIgniter.php(509): CodeIgniter\CodeIgniter->runController(Object(App\Controllers\AuthController))
#8 /Users/fahminabilmaulana/Documents/Development/php/repository/vendor/codeigniter4/framework/system/CodeIgniter.php(355): CodeIgniter\CodeIgniter->handleRequest(NULL, Object(Config\Cache), false)
#9 /Users/fahminabilmaulana/Documents/Development/php/repository/vendor/codeigniter4/framework/system/Boot.php(325): CodeIgniter\CodeIgniter->run()
#10 /Users/fahminabilmaulana/Documents/Development/php/repository/vendor/codeigniter4/framework/system/Boot.php(67): CodeIgniter\Boot::runCodeIgniter(Object(CodeIgniter\CodeIgniter))
#11 /Users/fahminabilmaulana/Documents/Development/php/repository/public/index.php(56): CodeIgniter\Boot::bootWeb(Object(Config\Paths))
#12 /Users/fahminabilmaulana/Documents/Development/php/repository/vendor/codeigniter4/framework/system/rewrite.php(44): require_once('/Users/fahminab...')
#13 {main}
CRITICAL - 2024-07-17 13:25:44 --> CodeIgniter\Database\Exceptions\DatabaseException: Unable to connect to the database.
Main connection [MySQLi]: No such file or directory
[Method: POST, Route: auth/login]
in SYSTEMPATH/Database/BaseConnection.php on line 467.
 1 SYSTEMPATH/Database/BaseConnection.php(616): CodeIgniter\Database\BaseConnection->initialize()
 2 SYSTEMPATH/Database/BaseBuilder.php(1636): CodeIgniter\Database\BaseConnection->query('SELECT *
FROM `users`
WHERE `username` = :username:
 LIMIT 1', [...], false)
 3 SYSTEMPATH/Model.php(330): CodeIgniter\Database\BaseBuilder->get()
 4 SYSTEMPATH/BaseModel.php(714): CodeIgniter\Model->doFirst()
 5 APPPATH/Controllers/AuthController.php(26): CodeIgniter\BaseModel->first()
 6 SYSTEMPATH/CodeIgniter.php(933): App\Controllers\AuthController->doLogin()
 7 SYSTEMPATH/CodeIgniter.php(509): CodeIgniter\CodeIgniter->runController(Object(App\Controllers\AuthController))
 8 SYSTEMPATH/CodeIgniter.php(355): CodeIgniter\CodeIgniter->handleRequest(null, Object(Config\Cache), false)
 9 SYSTEMPATH/Boot.php(325): CodeIgniter\CodeIgniter->run()
10 SYSTEMPATH/Boot.php(67): CodeIgniter\Boot::runCodeIgniter(Object(CodeIgniter\CodeIgniter))
11 FCPATH/index.php(56): CodeIgniter\Boot::bootWeb(Object(Config\Paths))
12 SYSTEMPATH/rewrite.php(44): require_once('/Users/fahminabilmaulana/Documents/Development/php/repository/public/index.php')
INFO - 2024-07-17 13:37:19 --> Session: Class initialized using 'CodeIgniter\Session\Handlers\FileHandler' driver.
INFO - 2024-07-17 13:37:31 --> Session: Class initialized using 'CodeIgniter\Session\Handlers\FileHandler' driver.
ERROR - 2024-07-17 13:37:31 --> Error connecting to the database: mysqli_sql_exception: No such file or directory in /Users/fahminabilmaulana/Documents/Development/php/repository/vendor/codeigniter4/framework/system/Database/MySQLi/Connection.php:186
Stack trace:
#0 /Users/fahminabilmaulana/Documents/Development/php/repository/vendor/codeigniter4/framework/system/Database/MySQLi/Connection.php(186): mysqli->real_connect('localhost', 'root', Object(SensitiveParameterValue), 'repository', 3306, '', 0)
#1 /Users/fahminabilmaulana/Documents/Development/php/repository/vendor/codeigniter4/framework/system/Database/BaseConnection.php(421): CodeIgniter\Database\MySQLi\Connection->connect(false)
#2 /Users/fahminabilmaulana/Documents/Development/php/repository/vendor/codeigniter4/framework/system/Database/BaseConnection.php(616): CodeIgniter\Database\BaseConnection->initialize()
#3 /Users/fahminabilmaulana/Documents/Development/php/repository/vendor/codeigniter4/framework/system/Database/BaseBuilder.php(1636): CodeIgniter\Database\BaseConnection->query('SELECT *\nFROM `...', Array, false)
#4 /Users/fahminabilmaulana/Documents/Development/php/repository/vendor/codeigniter4/framework/system/Model.php(330): CodeIgniter\Database\BaseBuilder->get()
#5 /Users/fahminabilmaulana/Documents/Development/php/repository/vendor/codeigniter4/framework/system/BaseModel.php(714): CodeIgniter\Model->doFirst()
#6 /Users/fahminabilmaulana/Documents/Development/php/repository/app/Controllers/AuthController.php(26): CodeIgniter\BaseModel->first()
#7 /Users/fahminabilmaulana/Documents/Development/php/repository/vendor/codeigniter4/framework/system/CodeIgniter.php(933): App\Controllers\AuthController->doLogin()
#8 /Users/fahminabilmaulana/Documents/Development/php/repository/vendor/codeigniter4/framework/system/CodeIgniter.php(509): CodeIgniter\CodeIgniter->runController(Object(App\Controllers\AuthController))
#9 /Users/fahminabilmaulana/Documents/Development/php/repository/vendor/codeigniter4/framework/system/CodeIgniter.php(355): CodeIgniter\CodeIgniter->handleRequest(NULL, Object(Config\Cache), false)
#10 /Users/fahminabilmaulana/Documents/Development/php/repository/vendor/codeigniter4/framework/system/Boot.php(325): CodeIgniter\CodeIgniter->run()
#11 /Users/fahminabilmaulana/Documents/Development/php/repository/vendor/codeigniter4/framework/system/Boot.php(67): CodeIgniter\Boot::runCodeIgniter(Object(CodeIgniter\CodeIgniter))
#12 /Users/fahminabilmaulana/Documents/Development/php/repository/public/index.php(56): CodeIgniter\Boot::bootWeb(Object(Config\Paths))
#13 /Users/fahminabilmaulana/Documents/Development/php/repository/vendor/codeigniter4/framework/system/rewrite.php(44): require_once('/Users/fahminab...')
#14 {main}

Next CodeIgniter\Database\Exceptions\DatabaseException: No such file or directory in /Users/fahminabilmaulana/Documents/Development/php/repository/vendor/codeigniter4/framework/system/Database/MySQLi/Connection.php:231
Stack trace:
#0 /Users/fahminabilmaulana/Documents/Development/php/repository/vendor/codeigniter4/framework/system/Database/BaseConnection.php(421): CodeIgniter\Database\MySQLi\Connection->connect(false)
#1 /Users/fahminabilmaulana/Documents/Development/php/repository/vendor/codeigniter4/framework/system/Database/BaseConnection.php(616): CodeIgniter\Database\BaseConnection->initialize()
#2 /Users/fahminabilmaulana/Documents/Development/php/repository/vendor/codeigniter4/framework/system/Database/BaseBuilder.php(1636): CodeIgniter\Database\BaseConnection->query('SELECT *\nFROM `...', Array, false)
#3 /Users/fahminabilmaulana/Documents/Development/php/repository/vendor/codeigniter4/framework/system/Model.php(330): CodeIgniter\Database\BaseBuilder->get()
#4 /Users/fahminabilmaulana/Documents/Development/php/repository/vendor/codeigniter4/framework/system/BaseModel.php(714): CodeIgniter\Model->doFirst()
#5 /Users/fahminabilmaulana/Documents/Development/php/repository/app/Controllers/AuthController.php(26): CodeIgniter\BaseModel->first()
#6 /Users/fahminabilmaulana/Documents/Development/php/repository/vendor/codeigniter4/framework/system/CodeIgniter.php(933): App\Controllers\AuthController->doLogin()
#7 /Users/fahminabilmaulana/Documents/Development/php/repository/vendor/codeigniter4/framework/system/CodeIgniter.php(509): CodeIgniter\CodeIgniter->runController(Object(App\Controllers\AuthController))
#8 /Users/fahminabilmaulana/Documents/Development/php/repository/vendor/codeigniter4/framework/system/CodeIgniter.php(355): CodeIgniter\CodeIgniter->handleRequest(NULL, Object(Config\Cache), false)
#9 /Users/fahminabilmaulana/Documents/Development/php/repository/vendor/codeigniter4/framework/system/Boot.php(325): CodeIgniter\CodeIgniter->run()
#10 /Users/fahminabilmaulana/Documents/Development/php/repository/vendor/codeigniter4/framework/system/Boot.php(67): CodeIgniter\Boot::runCodeIgniter(Object(CodeIgniter\CodeIgniter))
#11 /Users/fahminabilmaulana/Documents/Development/php/repository/public/index.php(56): CodeIgniter\Boot::bootWeb(Object(Config\Paths))
#12 /Users/fahminabilmaulana/Documents/Development/php/repository/vendor/codeigniter4/framework/system/rewrite.php(44): require_once('/Users/fahminab...')
#13 {main}
CRITICAL - 2024-07-17 13:37:31 --> CodeIgniter\Database\Exceptions\DatabaseException: Unable to connect to the database.
Main connection [MySQLi]: No such file or directory
[Method: POST, Route: auth/login]
in SYSTEMPATH/Database/BaseConnection.php on line 467.
 1 SYSTEMPATH/Database/BaseConnection.php(616): CodeIgniter\Database\BaseConnection->initialize()
 2 SYSTEMPATH/Database/BaseBuilder.php(1636): CodeIgniter\Database\BaseConnection->query('SELECT *
FROM `users`
WHERE `username` = :username:
 LIMIT 1', [...], false)
 3 SYSTEMPATH/Model.php(330): CodeIgniter\Database\BaseBuilder->get()
 4 SYSTEMPATH/BaseModel.php(714): CodeIgniter\Model->doFirst()
 5 APPPATH/Controllers/AuthController.php(26): CodeIgniter\BaseModel->first()
 6 SYSTEMPATH/CodeIgniter.php(933): App\Controllers\AuthController->doLogin()
 7 SYSTEMPATH/CodeIgniter.php(509): CodeIgniter\CodeIgniter->runController(Object(App\Controllers\AuthController))
 8 SYSTEMPATH/CodeIgniter.php(355): CodeIgniter\CodeIgniter->handleRequest(null, Object(Config\Cache), false)
 9 SYSTEMPATH/Boot.php(325): CodeIgniter\CodeIgniter->run()
10 SYSTEMPATH/Boot.php(67): CodeIgniter\Boot::runCodeIgniter(Object(CodeIgniter\CodeIgniter))
11 FCPATH/index.php(56): CodeIgniter\Boot::bootWeb(Object(Config\Paths))
12 SYSTEMPATH/rewrite.php(44): require_once('/Users/fahminabilmaulana/Documents/Development/php/repository/public/index.php')
INFO - 2024-07-17 13:41:41 --> Session: Class initialized using 'CodeIgniter\Session\Handlers\FileHandler' driver.
INFO - 2024-07-17 13:41:45 --> Session: Class initialized using 'CodeIgniter\Session\Handlers\FileHandler' driver.
ERROR - 2024-07-17 13:41:45 --> Error connecting to the database: mysqli_sql_exception: Access denied for user ''@'localhost' to database 'repository' in /Users/fahminabilmaulana/Documents/Development/php/repository/vendor/codeigniter4/framework/system/Database/MySQLi/Connection.php:186
Stack trace:
#0 /Users/fahminabilmaulana/Documents/Development/php/repository/vendor/codeigniter4/framework/system/Database/MySQLi/Connection.php(186): mysqli->real_connect('127.0.0.1', 'mysql', Object(SensitiveParameterValue), 'repository', 3306, '', 0)
#1 /Users/fahminabilmaulana/Documents/Development/php/repository/vendor/codeigniter4/framework/system/Database/BaseConnection.php(421): CodeIgniter\Database\MySQLi\Connection->connect(false)
#2 /Users/fahminabilmaulana/Documents/Development/php/repository/vendor/codeigniter4/framework/system/Database/BaseConnection.php(616): CodeIgniter\Database\BaseConnection->initialize()
#3 /Users/fahminabilmaulana/Documents/Development/php/repository/vendor/codeigniter4/framework/system/Database/BaseBuilder.php(1636): CodeIgniter\Database\BaseConnection->query('SELECT *\nFROM `...', Array, false)
#4 /Users/fahminabilmaulana/Documents/Development/php/repository/vendor/codeigniter4/framework/system/Model.php(330): CodeIgniter\Database\BaseBuilder->get()
#5 /Users/fahminabilmaulana/Documents/Development/php/repository/vendor/codeigniter4/framework/system/BaseModel.php(714): CodeIgniter\Model->doFirst()
#6 /Users/fahminabilmaulana/Documents/Development/php/repository/app/Controllers/AuthController.php(26): CodeIgniter\BaseModel->first()
#7 /Users/fahminabilmaulana/Documents/Development/php/repository/vendor/codeigniter4/framework/system/CodeIgniter.php(933): App\Controllers\AuthController->doLogin()
#8 /Users/fahminabilmaulana/Documents/Development/php/repository/vendor/codeigniter4/framework/system/CodeIgniter.php(509): CodeIgniter\CodeIgniter->runController(Object(App\Controllers\AuthController))
#9 /Users/fahminabilmaulana/Documents/Development/php/repository/vendor/codeigniter4/framework/system/CodeIgniter.php(355): CodeIgniter\CodeIgniter->handleRequest(NULL, Object(Config\Cache), false)
#10 /Users/fahminabilmaulana/Documents/Development/php/repository/vendor/codeigniter4/framework/system/Boot.php(325): CodeIgniter\CodeIgniter->run()
#11 /Users/fahminabilmaulana/Documents/Development/php/repository/vendor/codeigniter4/framework/system/Boot.php(67): CodeIgniter\Boot::runCodeIgniter(Object(CodeIgniter\CodeIgniter))
#12 /Users/fahminabilmaulana/Documents/Development/php/repository/public/index.php(56): CodeIgniter\Boot::bootWeb(Object(Config\Paths))
#13 /Users/fahminabilmaulana/Documents/Development/php/repository/vendor/codeigniter4/framework/system/rewrite.php(44): require_once('/Users/fahminab...')
#14 {main}

Next CodeIgniter\Database\Exceptions\DatabaseException: Access denied for user ''@'localhost' to database 'repository' in /Users/fahminabilmaulana/Documents/Development/php/repository/vendor/codeigniter4/framework/system/Database/MySQLi/Connection.php:231
Stack trace:
#0 /Users/fahminabilmaulana/Documents/Development/php/repository/vendor/codeigniter4/framework/system/Database/BaseConnection.php(421): CodeIgniter\Database\MySQLi\Connection->connect(false)
#1 /Users/fahminabilmaulana/Documents/Development/php/repository/vendor/codeigniter4/framework/system/Database/BaseConnection.php(616): CodeIgniter\Database\BaseConnection->initialize()
#2 /Users/fahminabilmaulana/Documents/Development/php/repository/vendor/codeigniter4/framework/system/Database/BaseBuilder.php(1636): CodeIgniter\Database\BaseConnection->query('SELECT *\nFROM `...', Array, false)
#3 /Users/fahminabilmaulana/Documents/Development/php/repository/vendor/codeigniter4/framework/system/Model.php(330): CodeIgniter\Database\BaseBuilder->get()
#4 /Users/fahminabilmaulana/Documents/Development/php/repository/vendor/codeigniter4/framework/system/BaseModel.php(714): CodeIgniter\Model->doFirst()
#5 /Users/fahminabilmaulana/Documents/Development/php/repository/app/Controllers/AuthController.php(26): CodeIgniter\BaseModel->first()
#6 /Users/fahminabilmaulana/Documents/Development/php/repository/vendor/codeigniter4/framework/system/CodeIgniter.php(933): App\Controllers\AuthController->doLogin()
#7 /Users/fahminabilmaulana/Documents/Development/php/repository/vendor/codeigniter4/framework/system/CodeIgniter.php(509): CodeIgniter\CodeIgniter->runController(Object(App\Controllers\AuthController))
#8 /Users/fahminabilmaulana/Documents/Development/php/repository/vendor/codeigniter4/framework/system/CodeIgniter.php(355): CodeIgniter\CodeIgniter->handleRequest(NULL, Object(Config\Cache), false)
#9 /Users/fahminabilmaulana/Documents/Development/php/repository/vendor/codeigniter4/framework/system/Boot.php(325): CodeIgniter\CodeIgniter->run()
#10 /Users/fahminabilmaulana/Documents/Development/php/repository/vendor/codeigniter4/framework/system/Boot.php(67): CodeIgniter\Boot::runCodeIgniter(Object(CodeIgniter\CodeIgniter))
#11 /Users/fahminabilmaulana/Documents/Development/php/repository/public/index.php(56): CodeIgniter\Boot::bootWeb(Object(Config\Paths))
#12 /Users/fahminabilmaulana/Documents/Development/php/repository/vendor/codeigniter4/framework/system/rewrite.php(44): require_once('/Users/fahminab...')
#13 {main}
CRITICAL - 2024-07-17 13:41:45 --> CodeIgniter\Database\Exceptions\DatabaseException: Unable to connect to the database.
Main connection [MySQLi]: Access denied for user ''@'localhost' to database 'repository'
[Method: POST, Route: auth/login]
in SYSTEMPATH/Database/BaseConnection.php on line 467.
 1 SYSTEMPATH/Database/BaseConnection.php(616): CodeIgniter\Database\BaseConnection->initialize()
 2 SYSTEMPATH/Database/BaseBuilder.php(1636): CodeIgniter\Database\BaseConnection->query('SELECT *
FROM `users`
WHERE `username` = :username:
 LIMIT 1', [...], false)
 3 SYSTEMPATH/Model.php(330): CodeIgniter\Database\BaseBuilder->get()
 4 SYSTEMPATH/BaseModel.php(714): CodeIgniter\Model->doFirst()
 5 APPPATH/Controllers/AuthController.php(26): CodeIgniter\BaseModel->first()
 6 SYSTEMPATH/CodeIgniter.php(933): App\Controllers\AuthController->doLogin()
 7 SYSTEMPATH/CodeIgniter.php(509): CodeIgniter\CodeIgniter->runController(Object(App\Controllers\AuthController))
 8 SYSTEMPATH/CodeIgniter.php(355): CodeIgniter\CodeIgniter->handleRequest(null, Object(Config\Cache), false)
 9 SYSTEMPATH/Boot.php(325): CodeIgniter\CodeIgniter->run()
10 SYSTEMPATH/Boot.php(67): CodeIgniter\Boot::runCodeIgniter(Object(CodeIgniter\CodeIgniter))
11 FCPATH/index.php(56): CodeIgniter\Boot::bootWeb(Object(Config\Paths))
12 SYSTEMPATH/rewrite.php(44): require_once('/Users/fahminabilmaulana/Documents/Development/php/repository/public/index.php')
INFO - 2024-07-17 13:42:31 --> Session: Class initialized using 'CodeIgniter\Session\Handlers\FileHandler' driver.
INFO - 2024-07-17 13:42:32 --> Session: Class initialized using 'CodeIgniter\Session\Handlers\FileHandler' driver.
INFO - 2024-07-17 13:43:21 --> Session: Class initialized using 'CodeIgniter\Session\Handlers\FileHandler' driver.
INFO - 2024-07-17 13:43:24 --> Session: Class initialized using 'CodeIgniter\Session\Handlers\FileHandler' driver.
INFO - 2024-07-17 13:44:51 --> Session: Class initialized using 'CodeIgniter\Session\Handlers\FileHandler' driver.
INFO - 2024-07-17 13:44:55 --> Session: Class initialized using 'CodeIgniter\Session\Handlers\FileHandler' driver.
INFO - 2024-07-17 13:48:43 --> Session: Class initialized using 'CodeIgniter\Session\Handlers\FileHandler' driver.
INFO - 2024-07-17 13:50:46 --> Session: Class initialized using 'CodeIgniter\Session\Handlers\FileHandler' driver.
INFO - 2024-07-17 13:51:45 --> Session: Class initialized using 'CodeIgniter\Session\Handlers\FileHandler' driver.
INFO - 2024-07-17 13:51:46 --> Session: Class initialized using 'CodeIgniter\Session\Handlers\FileHandler' driver.
INFO - 2024-07-17 13:52:07 --> Session: Class initialized using 'CodeIgniter\Session\Handlers\FileHandler' driver.
INFO - 2024-07-17 14:18:03 --> Session: Class initialized using 'CodeIgniter\Session\Handlers\FileHandler' driver.
INFO - 2024-07-17 14:18:09 --> Session: Class initialized using 'CodeIgniter\Session\Handlers\FileHandler' driver.
INFO - 2024-07-17 14:18:10 --> Session: Class initialized using 'CodeIgniter\Session\Handlers\FileHandler' driver.
INFO - 2024-07-17 14:18:19 --> Session: Class initialized using 'CodeIgniter\Session\Handlers\FileHandler' driver.
INFO - 2024-07-17 14:18:23 --> Session: Class initialized using 'CodeIgniter\Session\Handlers\FileHandler' driver.
INFO - 2024-07-17 14:18:23 --> Session: Class initialized using 'CodeIgniter\Session\Handlers\FileHandler' driver.
INFO - 2024-07-17 14:24:06 --> Session: Class initialized using 'CodeIgniter\Session\Handlers\FileHandler' driver.
INFO - 2024-07-17 14:38:09 --> Session: Class initialized using 'CodeIgniter\Session\Handlers\FileHandler' driver.
INFO - 2024-07-17 14:38:10 --> Session: Class initialized using 'CodeIgniter\Session\Handlers\FileHandler' driver.
INFO - 2024-07-17 14:38:13 --> Session: Class initialized using 'CodeIgniter\Session\Handlers\FileHandler' driver.
INFO - 2024-07-17 14:38:37 --> Session: Class initialized using 'CodeIgniter\Session\Handlers\FileHandler' driver.
INFO - 2024-07-17 14:38:41 --> Session: Class initialized using 'CodeIgniter\Session\Handlers\FileHandler' driver.
INFO - 2024-07-17 14:38:42 --> Session: Class initialized using 'CodeIgniter\Session\Handlers\FileHandler' driver.
INFO - 2024-07-17 14:38:44 --> Session: Class initialized using 'CodeIgniter\Session\Handlers\FileHandler' driver.
INFO - 2024-07-17 14:41:11 --> Session: Class initialized using 'CodeIgniter\Session\Handlers\FileHandler' driver.
INFO - 2024-07-17 14:49:04 --> Session: Class initialized using 'CodeIgniter\Session\Handlers\FileHandler' driver.
INFO - 2024-07-17 15:11:02 --> Session: Class initialized using 'CodeIgniter\Session\Handlers\FileHandler' driver.
INFO - 2024-07-17 15:11:07 --> Session: Class initialized using 'CodeIgniter\Session\Handlers\FileHandler' driver.
INFO - 2024-07-17 15:11:08 --> Session: Class initialized using 'CodeIgniter\Session\Handlers\FileHandler' driver.
INFO - 2024-07-17 15:11:10 --> Session: Class initialized using 'CodeIgniter\Session\Handlers\FileHandler' driver.
INFO - 2024-07-17 15:11:52 --> Session: Class initialized using 'CodeIgniter\Session\Handlers\FileHandler' driver.
INFO - 2024-07-17 15:13:04 --> Session: Class initialized using 'CodeIgniter\Session\Handlers\FileHandler' driver.
INFO - 2024-07-17 15:13:45 --> Session: Class initialized using 'CodeIgniter\Session\Handlers\FileHandler' driver.
INFO - 2024-07-17 15:14:01 --> Session: Class initialized using 'CodeIgniter\Session\Handlers\FileHandler' driver.
INFO - 2024-07-17 15:14:13 --> Session: Class initialized using 'CodeIgniter\Session\Handlers\FileHandler' driver.
INFO - 2024-07-17 15:14:25 --> Session: Class initialized using 'CodeIgniter\Session\Handlers\FileHandler' driver.
INFO - 2024-07-17 15:14:30 --> Session: Class initialized using 'CodeIgniter\Session\Handlers\FileHandler' driver.
INFO - 2024-07-17 15:14:30 --> Session: Class initialized using 'CodeIgniter\Session\Handlers\FileHandler' driver.
INFO - 2024-07-17 15:16:11 --> Session: Class initialized using 'CodeIgniter\Session\Handlers\FileHandler' driver.
INFO - 2024-07-17 15:16:12 --> Session: Class initialized using 'CodeIgniter\Session\Handlers\FileHandler' driver.
INFO - 2024-07-17 15:16:47 --> Session: Class initialized using 'CodeIgniter\Session\Handlers\FileHandler' driver.
INFO - 2024-07-17 15:17:09 --> Session: Class initialized using 'CodeIgniter\Session\Handlers\FileHandler' driver.
INFO - 2024-07-17 15:17:19 --> Session: Class initialized using 'CodeIgniter\Session\Handlers\FileHandler' driver.
