CRITICAL - 2024-07-09 01:09:50 --> Error: Undefined constant "CodeIgniter\Database\MySQLi\MYSQLI_STORE_RESULT"
[Method: CLI, Route: db:create/repository]
in SYSTEMPATH/Database/Database.php on line 139.
 1 SYSTEMPATH/Database/Database.php(57): CodeIgniter\Database\Database->initDriver()
 2 SYSTEMPATH/Database/Config.php(84): CodeIgniter\Database\Database->load()
 3 SYSTEMPATH/Commands/Database/CreateDatabase.php(151): CodeIgniter\Database\Config::connect()
 4 SYSTEMPATH/CLI/Commands.php(70): CodeIgniter\Commands\Database\CreateDatabase->run()
 5 SYSTEMPATH/CLI/Console.php(48): CodeIgniter\CLI\Commands->run()
 6 SYSTEMPATH/Boot.php(351): CodeIgniter\CLI\Console->run()
 7 SYSTEMPATH/Boot.php(104): CodeIgniter\Boot::runCommand()
 8 ROOTPATH/spark(84): CodeIgniter\Boot::bootSpark()
ERROR - 2024-07-09 01:15:16 --> Error connecting to the database: mysqli_sql_exception: No such file or directory in /home/fahminabil/Downloads/repository/vendor/codeigniter4/framework/system/Database/MySQLi/Connection.php:186
Stack trace:
#0 /home/fahminabil/Downloads/repository/vendor/codeigniter4/framework/system/Database/MySQLi/Connection.php(186): mysqli->real_connect()
#1 /home/fahminabil/Downloads/repository/vendor/codeigniter4/framework/system/Database/BaseConnection.php(421): CodeIgniter\Database\MySQLi\Connection->connect()
#2 /home/fahminabil/Downloads/repository/vendor/codeigniter4/framework/system/Database/Database.php(68): CodeIgniter\Database\BaseConnection->initialize()
#3 /home/fahminabil/Downloads/repository/vendor/codeigniter4/framework/system/Database/Config.php(111): CodeIgniter\Database\Database->loadForge()
#4 /home/fahminabil/Downloads/repository/vendor/codeigniter4/framework/system/Commands/Database/CreateDatabase.php(136): CodeIgniter\Database\Config::forge()
#5 /home/fahminabil/Downloads/repository/vendor/codeigniter4/framework/system/CLI/Commands.php(70): CodeIgniter\Commands\Database\CreateDatabase->run()
#6 /home/fahminabil/Downloads/repository/vendor/codeigniter4/framework/system/CLI/Console.php(48): CodeIgniter\CLI\Commands->run()
#7 /home/fahminabil/Downloads/repository/vendor/codeigniter4/framework/system/Boot.php(351): CodeIgniter\CLI\Console->run()
#8 /home/fahminabil/Downloads/repository/vendor/codeigniter4/framework/system/Boot.php(104): CodeIgniter\Boot::runCommand()
#9 /home/fahminabil/Downloads/repository/spark(84): CodeIgniter\Boot::bootSpark()
#10 {main}

Next CodeIgniter\Database\Exceptions\DatabaseException: No such file or directory in /home/fahminabil/Downloads/repository/vendor/codeigniter4/framework/system/Database/MySQLi/Connection.php:231
Stack trace:
#0 /home/fahminabil/Downloads/repository/vendor/codeigniter4/framework/system/Database/BaseConnection.php(421): CodeIgniter\Database\MySQLi\Connection->connect()
#1 /home/fahminabil/Downloads/repository/vendor/codeigniter4/framework/system/Database/Database.php(68): CodeIgniter\Database\BaseConnection->initialize()
#2 /home/fahminabil/Downloads/repository/vendor/codeigniter4/framework/system/Database/Config.php(111): CodeIgniter\Database\Database->loadForge()
#3 /home/fahminabil/Downloads/repository/vendor/codeigniter4/framework/system/Commands/Database/CreateDatabase.php(136): CodeIgniter\Database\Config::forge()
#4 /home/fahminabil/Downloads/repository/vendor/codeigniter4/framework/system/CLI/Commands.php(70): CodeIgniter\Commands\Database\CreateDatabase->run()
#5 /home/fahminabil/Downloads/repository/vendor/codeigniter4/framework/system/CLI/Console.php(48): CodeIgniter\CLI\Commands->run()
#6 /home/fahminabil/Downloads/repository/vendor/codeigniter4/framework/system/Boot.php(351): CodeIgniter\CLI\Console->run()
#7 /home/fahminabil/Downloads/repository/vendor/codeigniter4/framework/system/Boot.php(104): CodeIgniter\Boot::runCommand()
#8 /home/fahminabil/Downloads/repository/spark(84): CodeIgniter\Boot::bootSpark()
#9 {main}
ERROR - 2024-07-09 01:16:55 --> Error connecting to the database: mysqli_sql_exception: No such file or directory in /home/fahminabil/Downloads/repository/vendor/codeigniter4/framework/system/Database/MySQLi/Connection.php:186
Stack trace:
#0 /home/fahminabil/Downloads/repository/vendor/codeigniter4/framework/system/Database/MySQLi/Connection.php(186): mysqli->real_connect()
#1 /home/fahminabil/Downloads/repository/vendor/codeigniter4/framework/system/Database/BaseConnection.php(421): CodeIgniter\Database\MySQLi\Connection->connect()
#2 /home/fahminabil/Downloads/repository/vendor/codeigniter4/framework/system/Database/Database.php(68): CodeIgniter\Database\BaseConnection->initialize()
#3 /home/fahminabil/Downloads/repository/vendor/codeigniter4/framework/system/Database/Config.php(111): CodeIgniter\Database\Database->loadForge()
#4 /home/fahminabil/Downloads/repository/vendor/codeigniter4/framework/system/Commands/Database/CreateDatabase.php(136): CodeIgniter\Database\Config::forge()
#5 /home/fahminabil/Downloads/repository/vendor/codeigniter4/framework/system/CLI/Commands.php(70): CodeIgniter\Commands\Database\CreateDatabase->run()
#6 /home/fahminabil/Downloads/repository/vendor/codeigniter4/framework/system/CLI/Console.php(48): CodeIgniter\CLI\Commands->run()
#7 /home/fahminabil/Downloads/repository/vendor/codeigniter4/framework/system/Boot.php(351): CodeIgniter\CLI\Console->run()
#8 /home/fahminabil/Downloads/repository/vendor/codeigniter4/framework/system/Boot.php(104): CodeIgniter\Boot::runCommand()
#9 /home/fahminabil/Downloads/repository/spark(84): CodeIgniter\Boot::bootSpark()
#10 {main}

Next CodeIgniter\Database\Exceptions\DatabaseException: No such file or directory in /home/fahminabil/Downloads/repository/vendor/codeigniter4/framework/system/Database/MySQLi/Connection.php:231
Stack trace:
#0 /home/fahminabil/Downloads/repository/vendor/codeigniter4/framework/system/Database/BaseConnection.php(421): CodeIgniter\Database\MySQLi\Connection->connect()
#1 /home/fahminabil/Downloads/repository/vendor/codeigniter4/framework/system/Database/Database.php(68): CodeIgniter\Database\BaseConnection->initialize()
#2 /home/fahminabil/Downloads/repository/vendor/codeigniter4/framework/system/Database/Config.php(111): CodeIgniter\Database\Database->loadForge()
#3 /home/fahminabil/Downloads/repository/vendor/codeigniter4/framework/system/Commands/Database/CreateDatabase.php(136): CodeIgniter\Database\Config::forge()
#4 /home/fahminabil/Downloads/repository/vendor/codeigniter4/framework/system/CLI/Commands.php(70): CodeIgniter\Commands\Database\CreateDatabase->run()
#5 /home/fahminabil/Downloads/repository/vendor/codeigniter4/framework/system/CLI/Console.php(48): CodeIgniter\CLI\Commands->run()
#6 /home/fahminabil/Downloads/repository/vendor/codeigniter4/framework/system/Boot.php(351): CodeIgniter\CLI\Console->run()
#7 /home/fahminabil/Downloads/repository/vendor/codeigniter4/framework/system/Boot.php(104): CodeIgniter\Boot::runCommand()
#8 /home/fahminabil/Downloads/repository/spark(84): CodeIgniter\Boot::bootSpark()
#9 {main}
ERROR - 2024-07-09 01:18:25 --> Error connecting to the database: mysqli_sql_exception: No such file or directory in /home/fahminabil/Downloads/repository/vendor/codeigniter4/framework/system/Database/MySQLi/Connection.php:186
Stack trace:
#0 /home/fahminabil/Downloads/repository/vendor/codeigniter4/framework/system/Database/MySQLi/Connection.php(186): mysqli->real_connect()
#1 /home/fahminabil/Downloads/repository/vendor/codeigniter4/framework/system/Database/BaseConnection.php(421): CodeIgniter\Database\MySQLi\Connection->connect()
#2 /home/fahminabil/Downloads/repository/vendor/codeigniter4/framework/system/Database/Database.php(68): CodeIgniter\Database\BaseConnection->initialize()
#3 /home/fahminabil/Downloads/repository/vendor/codeigniter4/framework/system/Database/Config.php(111): CodeIgniter\Database\Database->loadForge()
#4 /home/fahminabil/Downloads/repository/vendor/codeigniter4/framework/system/Commands/Database/CreateDatabase.php(136): CodeIgniter\Database\Config::forge()
#5 /home/fahminabil/Downloads/repository/vendor/codeigniter4/framework/system/CLI/Commands.php(70): CodeIgniter\Commands\Database\CreateDatabase->run()
#6 /home/fahminabil/Downloads/repository/vendor/codeigniter4/framework/system/CLI/Console.php(48): CodeIgniter\CLI\Commands->run()
#7 /home/fahminabil/Downloads/repository/vendor/codeigniter4/framework/system/Boot.php(351): CodeIgniter\CLI\Console->run()
#8 /home/fahminabil/Downloads/repository/vendor/codeigniter4/framework/system/Boot.php(104): CodeIgniter\Boot::runCommand()
#9 /home/fahminabil/Downloads/repository/spark(84): CodeIgniter\Boot::bootSpark()
#10 {main}

Next CodeIgniter\Database\Exceptions\DatabaseException: No such file or directory in /home/fahminabil/Downloads/repository/vendor/codeigniter4/framework/system/Database/MySQLi/Connection.php:231
Stack trace:
#0 /home/fahminabil/Downloads/repository/vendor/codeigniter4/framework/system/Database/BaseConnection.php(421): CodeIgniter\Database\MySQLi\Connection->connect()
#1 /home/fahminabil/Downloads/repository/vendor/codeigniter4/framework/system/Database/Database.php(68): CodeIgniter\Database\BaseConnection->initialize()
#2 /home/fahminabil/Downloads/repository/vendor/codeigniter4/framework/system/Database/Config.php(111): CodeIgniter\Database\Database->loadForge()
#3 /home/fahminabil/Downloads/repository/vendor/codeigniter4/framework/system/Commands/Database/CreateDatabase.php(136): CodeIgniter\Database\Config::forge()
#4 /home/fahminabil/Downloads/repository/vendor/codeigniter4/framework/system/CLI/Commands.php(70): CodeIgniter\Commands\Database\CreateDatabase->run()
#5 /home/fahminabil/Downloads/repository/vendor/codeigniter4/framework/system/CLI/Console.php(48): CodeIgniter\CLI\Commands->run()
#6 /home/fahminabil/Downloads/repository/vendor/codeigniter4/framework/system/Boot.php(351): CodeIgniter\CLI\Console->run()
#7 /home/fahminabil/Downloads/repository/vendor/codeigniter4/framework/system/Boot.php(104): CodeIgniter\Boot::runCommand()
#8 /home/fahminabil/Downloads/repository/spark(84): CodeIgniter\Boot::bootSpark()
#9 {main}
ERROR - 2024-07-09 01:21:52 --> Error connecting to the database: mysqli_sql_exception: No such file or directory in /home/fahminabil/Downloads/repository/vendor/codeigniter4/framework/system/Database/MySQLi/Connection.php:186
Stack trace:
#0 /home/fahminabil/Downloads/repository/vendor/codeigniter4/framework/system/Database/MySQLi/Connection.php(186): mysqli->real_connect()
#1 /home/fahminabil/Downloads/repository/vendor/codeigniter4/framework/system/Database/BaseConnection.php(421): CodeIgniter\Database\MySQLi\Connection->connect()
#2 /home/fahminabil/Downloads/repository/vendor/codeigniter4/framework/system/Database/Database.php(68): CodeIgniter\Database\BaseConnection->initialize()
#3 /home/fahminabil/Downloads/repository/vendor/codeigniter4/framework/system/Database/Config.php(111): CodeIgniter\Database\Database->loadForge()
#4 /home/fahminabil/Downloads/repository/vendor/codeigniter4/framework/system/Commands/Database/CreateDatabase.php(136): CodeIgniter\Database\Config::forge()
#5 /home/fahminabil/Downloads/repository/vendor/codeigniter4/framework/system/CLI/Commands.php(70): CodeIgniter\Commands\Database\CreateDatabase->run()
#6 /home/fahminabil/Downloads/repository/vendor/codeigniter4/framework/system/CLI/Console.php(48): CodeIgniter\CLI\Commands->run()
#7 /home/fahminabil/Downloads/repository/vendor/codeigniter4/framework/system/Boot.php(351): CodeIgniter\CLI\Console->run()
#8 /home/fahminabil/Downloads/repository/vendor/codeigniter4/framework/system/Boot.php(104): CodeIgniter\Boot::runCommand()
#9 /home/fahminabil/Downloads/repository/spark(84): CodeIgniter\Boot::bootSpark()
#10 {main}

Next CodeIgniter\Database\Exceptions\DatabaseException: No such file or directory in /home/fahminabil/Downloads/repository/vendor/codeigniter4/framework/system/Database/MySQLi/Connection.php:231
Stack trace:
#0 /home/fahminabil/Downloads/repository/vendor/codeigniter4/framework/system/Database/BaseConnection.php(421): CodeIgniter\Database\MySQLi\Connection->connect()
#1 /home/fahminabil/Downloads/repository/vendor/codeigniter4/framework/system/Database/Database.php(68): CodeIgniter\Database\BaseConnection->initialize()
#2 /home/fahminabil/Downloads/repository/vendor/codeigniter4/framework/system/Database/Config.php(111): CodeIgniter\Database\Database->loadForge()
#3 /home/fahminabil/Downloads/repository/vendor/codeigniter4/framework/system/Commands/Database/CreateDatabase.php(136): CodeIgniter\Database\Config::forge()
#4 /home/fahminabil/Downloads/repository/vendor/codeigniter4/framework/system/CLI/Commands.php(70): CodeIgniter\Commands\Database\CreateDatabase->run()
#5 /home/fahminabil/Downloads/repository/vendor/codeigniter4/framework/system/CLI/Console.php(48): CodeIgniter\CLI\Commands->run()
#6 /home/fahminabil/Downloads/repository/vendor/codeigniter4/framework/system/Boot.php(351): CodeIgniter\CLI\Console->run()
#7 /home/fahminabil/Downloads/repository/vendor/codeigniter4/framework/system/Boot.php(104): CodeIgniter\Boot::runCommand()
#8 /home/fahminabil/Downloads/repository/spark(84): CodeIgniter\Boot::bootSpark()
#9 {main}
ERROR - 2024-07-09 01:29:51 --> Error connecting to the database: mysqli_sql_exception: No such file or directory in /home/fahminabil/Downloads/repository/vendor/codeigniter4/framework/system/Database/MySQLi/Connection.php:186
Stack trace:
#0 /home/fahminabil/Downloads/repository/vendor/codeigniter4/framework/system/Database/MySQLi/Connection.php(186): mysqli->real_connect()
#1 /home/fahminabil/Downloads/repository/vendor/codeigniter4/framework/system/Database/BaseConnection.php(421): CodeIgniter\Database\MySQLi\Connection->connect()
#2 /home/fahminabil/Downloads/repository/vendor/codeigniter4/framework/system/Database/Database.php(68): CodeIgniter\Database\BaseConnection->initialize()
#3 /home/fahminabil/Downloads/repository/vendor/codeigniter4/framework/system/Database/Config.php(111): CodeIgniter\Database\Database->loadForge()
#4 /home/fahminabil/Downloads/repository/vendor/codeigniter4/framework/system/Commands/Database/CreateDatabase.php(136): CodeIgniter\Database\Config::forge()
#5 /home/fahminabil/Downloads/repository/vendor/codeigniter4/framework/system/CLI/Commands.php(70): CodeIgniter\Commands\Database\CreateDatabase->run()
#6 /home/fahminabil/Downloads/repository/vendor/codeigniter4/framework/system/CLI/Console.php(48): CodeIgniter\CLI\Commands->run()
#7 /home/fahminabil/Downloads/repository/vendor/codeigniter4/framework/system/Boot.php(351): CodeIgniter\CLI\Console->run()
#8 /home/fahminabil/Downloads/repository/vendor/codeigniter4/framework/system/Boot.php(104): CodeIgniter\Boot::runCommand()
#9 /home/fahminabil/Downloads/repository/spark(84): CodeIgniter\Boot::bootSpark()
#10 {main}

Next CodeIgniter\Database\Exceptions\DatabaseException: No such file or directory in /home/fahminabil/Downloads/repository/vendor/codeigniter4/framework/system/Database/MySQLi/Connection.php:231
Stack trace:
#0 /home/fahminabil/Downloads/repository/vendor/codeigniter4/framework/system/Database/BaseConnection.php(421): CodeIgniter\Database\MySQLi\Connection->connect()
#1 /home/fahminabil/Downloads/repository/vendor/codeigniter4/framework/system/Database/Database.php(68): CodeIgniter\Database\BaseConnection->initialize()
#2 /home/fahminabil/Downloads/repository/vendor/codeigniter4/framework/system/Database/Config.php(111): CodeIgniter\Database\Database->loadForge()
#3 /home/fahminabil/Downloads/repository/vendor/codeigniter4/framework/system/Commands/Database/CreateDatabase.php(136): CodeIgniter\Database\Config::forge()
#4 /home/fahminabil/Downloads/repository/vendor/codeigniter4/framework/system/CLI/Commands.php(70): CodeIgniter\Commands\Database\CreateDatabase->run()
#5 /home/fahminabil/Downloads/repository/vendor/codeigniter4/framework/system/CLI/Console.php(48): CodeIgniter\CLI\Commands->run()
#6 /home/fahminabil/Downloads/repository/vendor/codeigniter4/framework/system/Boot.php(351): CodeIgniter\CLI\Console->run()
#7 /home/fahminabil/Downloads/repository/vendor/codeigniter4/framework/system/Boot.php(104): CodeIgniter\Boot::runCommand()
#8 /home/fahminabil/Downloads/repository/spark(84): CodeIgniter\Boot::bootSpark()
#9 {main}
ERROR - 2024-07-09 01:39:28 --> Error connecting to the database: mysqli_sql_exception: No such file or directory in /home/fahminabil/Downloads/repository/vendor/codeigniter4/framework/system/Database/MySQLi/Connection.php:186
Stack trace:
#0 /home/fahminabil/Downloads/repository/vendor/codeigniter4/framework/system/Database/MySQLi/Connection.php(186): mysqli->real_connect()
#1 /home/fahminabil/Downloads/repository/vendor/codeigniter4/framework/system/Database/BaseConnection.php(421): CodeIgniter\Database\MySQLi\Connection->connect()
#2 /home/fahminabil/Downloads/repository/vendor/codeigniter4/framework/system/Database/Database.php(68): CodeIgniter\Database\BaseConnection->initialize()
#3 /home/fahminabil/Downloads/repository/vendor/codeigniter4/framework/system/Database/Config.php(111): CodeIgniter\Database\Database->loadForge()
#4 /home/fahminabil/Downloads/repository/vendor/codeigniter4/framework/system/Commands/Database/CreateDatabase.php(136): CodeIgniter\Database\Config::forge()
#5 /home/fahminabil/Downloads/repository/vendor/codeigniter4/framework/system/CLI/Commands.php(70): CodeIgniter\Commands\Database\CreateDatabase->run()
#6 /home/fahminabil/Downloads/repository/vendor/codeigniter4/framework/system/CLI/Console.php(48): CodeIgniter\CLI\Commands->run()
#7 /home/fahminabil/Downloads/repository/vendor/codeigniter4/framework/system/Boot.php(351): CodeIgniter\CLI\Console->run()
#8 /home/fahminabil/Downloads/repository/vendor/codeigniter4/framework/system/Boot.php(104): CodeIgniter\Boot::runCommand()
#9 /home/fahminabil/Downloads/repository/spark(84): CodeIgniter\Boot::bootSpark()
#10 {main}

Next CodeIgniter\Database\Exceptions\DatabaseException: No such file or directory in /home/fahminabil/Downloads/repository/vendor/codeigniter4/framework/system/Database/MySQLi/Connection.php:231
Stack trace:
#0 /home/fahminabil/Downloads/repository/vendor/codeigniter4/framework/system/Database/BaseConnection.php(421): CodeIgniter\Database\MySQLi\Connection->connect()
#1 /home/fahminabil/Downloads/repository/vendor/codeigniter4/framework/system/Database/Database.php(68): CodeIgniter\Database\BaseConnection->initialize()
#2 /home/fahminabil/Downloads/repository/vendor/codeigniter4/framework/system/Database/Config.php(111): CodeIgniter\Database\Database->loadForge()
#3 /home/fahminabil/Downloads/repository/vendor/codeigniter4/framework/system/Commands/Database/CreateDatabase.php(136): CodeIgniter\Database\Config::forge()
#4 /home/fahminabil/Downloads/repository/vendor/codeigniter4/framework/system/CLI/Commands.php(70): CodeIgniter\Commands\Database\CreateDatabase->run()
#5 /home/fahminabil/Downloads/repository/vendor/codeigniter4/framework/system/CLI/Console.php(48): CodeIgniter\CLI\Commands->run()
#6 /home/fahminabil/Downloads/repository/vendor/codeigniter4/framework/system/Boot.php(351): CodeIgniter\CLI\Console->run()
#7 /home/fahminabil/Downloads/repository/vendor/codeigniter4/framework/system/Boot.php(104): CodeIgniter\Boot::runCommand()
#8 /home/fahminabil/Downloads/repository/spark(84): CodeIgniter\Boot::bootSpark()
#9 {main}
ERROR - 2024-07-09 01:41:03 --> Error connecting to the database: mysqli_sql_exception: No such file or directory in /home/fahminabil/Downloads/repository/vendor/codeigniter4/framework/system/Database/MySQLi/Connection.php:186
Stack trace:
#0 /home/fahminabil/Downloads/repository/vendor/codeigniter4/framework/system/Database/MySQLi/Connection.php(186): mysqli->real_connect()
#1 /home/fahminabil/Downloads/repository/vendor/codeigniter4/framework/system/Database/BaseConnection.php(421): CodeIgniter\Database\MySQLi\Connection->connect()
#2 /home/fahminabil/Downloads/repository/vendor/codeigniter4/framework/system/Database/Database.php(68): CodeIgniter\Database\BaseConnection->initialize()
#3 /home/fahminabil/Downloads/repository/vendor/codeigniter4/framework/system/Database/Config.php(111): CodeIgniter\Database\Database->loadForge()
#4 /home/fahminabil/Downloads/repository/vendor/codeigniter4/framework/system/Commands/Database/CreateDatabase.php(136): CodeIgniter\Database\Config::forge()
#5 /home/fahminabil/Downloads/repository/vendor/codeigniter4/framework/system/CLI/Commands.php(70): CodeIgniter\Commands\Database\CreateDatabase->run()
#6 /home/fahminabil/Downloads/repository/vendor/codeigniter4/framework/system/CLI/Console.php(48): CodeIgniter\CLI\Commands->run()
#7 /home/fahminabil/Downloads/repository/vendor/codeigniter4/framework/system/Boot.php(351): CodeIgniter\CLI\Console->run()
#8 /home/fahminabil/Downloads/repository/vendor/codeigniter4/framework/system/Boot.php(104): CodeIgniter\Boot::runCommand()
#9 /home/fahminabil/Downloads/repository/spark(84): CodeIgniter\Boot::bootSpark()
#10 {main}

Next CodeIgniter\Database\Exceptions\DatabaseException: No such file or directory in /home/fahminabil/Downloads/repository/vendor/codeigniter4/framework/system/Database/MySQLi/Connection.php:231
Stack trace:
#0 /home/fahminabil/Downloads/repository/vendor/codeigniter4/framework/system/Database/BaseConnection.php(421): CodeIgniter\Database\MySQLi\Connection->connect()
#1 /home/fahminabil/Downloads/repository/vendor/codeigniter4/framework/system/Database/Database.php(68): CodeIgniter\Database\BaseConnection->initialize()
#2 /home/fahminabil/Downloads/repository/vendor/codeigniter4/framework/system/Database/Config.php(111): CodeIgniter\Database\Database->loadForge()
#3 /home/fahminabil/Downloads/repository/vendor/codeigniter4/framework/system/Commands/Database/CreateDatabase.php(136): CodeIgniter\Database\Config::forge()
#4 /home/fahminabil/Downloads/repository/vendor/codeigniter4/framework/system/CLI/Commands.php(70): CodeIgniter\Commands\Database\CreateDatabase->run()
#5 /home/fahminabil/Downloads/repository/vendor/codeigniter4/framework/system/CLI/Console.php(48): CodeIgniter\CLI\Commands->run()
#6 /home/fahminabil/Downloads/repository/vendor/codeigniter4/framework/system/Boot.php(351): CodeIgniter\CLI\Console->run()
#7 /home/fahminabil/Downloads/repository/vendor/codeigniter4/framework/system/Boot.php(104): CodeIgniter\Boot::runCommand()
#8 /home/fahminabil/Downloads/repository/spark(84): CodeIgniter\Boot::bootSpark()
#9 {main}
ERROR - 2024-07-09 01:44:42 --> Error connecting to the database: mysqli_sql_exception: No such file or directory in /home/fahminabil/Downloads/repository/vendor/codeigniter4/framework/system/Database/MySQLi/Connection.php:186
Stack trace:
#0 /home/fahminabil/Downloads/repository/vendor/codeigniter4/framework/system/Database/MySQLi/Connection.php(186): mysqli->real_connect()
#1 /home/fahminabil/Downloads/repository/vendor/codeigniter4/framework/system/Database/BaseConnection.php(421): CodeIgniter\Database\MySQLi\Connection->connect()
#2 /home/fahminabil/Downloads/repository/vendor/codeigniter4/framework/system/Database/Database.php(68): CodeIgniter\Database\BaseConnection->initialize()
#3 /home/fahminabil/Downloads/repository/vendor/codeigniter4/framework/system/Database/Config.php(111): CodeIgniter\Database\Database->loadForge()
#4 /home/fahminabil/Downloads/repository/vendor/codeigniter4/framework/system/Commands/Database/CreateDatabase.php(136): CodeIgniter\Database\Config::forge()
#5 /home/fahminabil/Downloads/repository/vendor/codeigniter4/framework/system/CLI/Commands.php(70): CodeIgniter\Commands\Database\CreateDatabase->run()
#6 /home/fahminabil/Downloads/repository/vendor/codeigniter4/framework/system/CLI/Console.php(48): CodeIgniter\CLI\Commands->run()
#7 /home/fahminabil/Downloads/repository/vendor/codeigniter4/framework/system/Boot.php(351): CodeIgniter\CLI\Console->run()
#8 /home/fahminabil/Downloads/repository/vendor/codeigniter4/framework/system/Boot.php(104): CodeIgniter\Boot::runCommand()
#9 /home/fahminabil/Downloads/repository/spark(84): CodeIgniter\Boot::bootSpark()
#10 {main}

Next CodeIgniter\Database\Exceptions\DatabaseException: No such file or directory in /home/fahminabil/Downloads/repository/vendor/codeigniter4/framework/system/Database/MySQLi/Connection.php:231
Stack trace:
#0 /home/fahminabil/Downloads/repository/vendor/codeigniter4/framework/system/Database/BaseConnection.php(421): CodeIgniter\Database\MySQLi\Connection->connect()
#1 /home/fahminabil/Downloads/repository/vendor/codeigniter4/framework/system/Database/Database.php(68): CodeIgniter\Database\BaseConnection->initialize()
#2 /home/fahminabil/Downloads/repository/vendor/codeigniter4/framework/system/Database/Config.php(111): CodeIgniter\Database\Database->loadForge()
#3 /home/fahminabil/Downloads/repository/vendor/codeigniter4/framework/system/Commands/Database/CreateDatabase.php(136): CodeIgniter\Database\Config::forge()
#4 /home/fahminabil/Downloads/repository/vendor/codeigniter4/framework/system/CLI/Commands.php(70): CodeIgniter\Commands\Database\CreateDatabase->run()
#5 /home/fahminabil/Downloads/repository/vendor/codeigniter4/framework/system/CLI/Console.php(48): CodeIgniter\CLI\Commands->run()
#6 /home/fahminabil/Downloads/repository/vendor/codeigniter4/framework/system/Boot.php(351): CodeIgniter\CLI\Console->run()
#7 /home/fahminabil/Downloads/repository/vendor/codeigniter4/framework/system/Boot.php(104): CodeIgniter\Boot::runCommand()
#8 /home/fahminabil/Downloads/repository/spark(84): CodeIgniter\Boot::bootSpark()
#9 {main}
ERROR - 2024-07-09 06:04:01 --> Error connecting to the database: mysqli_sql_exception: Access denied for user 'root'@'localhost' in /home/fahminabil/Downloads/repository/vendor/codeigniter4/framework/system/Database/MySQLi/Connection.php:186
Stack trace:
#0 /home/fahminabil/Downloads/repository/vendor/codeigniter4/framework/system/Database/MySQLi/Connection.php(186): mysqli->real_connect()
#1 /home/fahminabil/Downloads/repository/vendor/codeigniter4/framework/system/Database/BaseConnection.php(421): CodeIgniter\Database\MySQLi\Connection->connect()
#2 /home/fahminabil/Downloads/repository/vendor/codeigniter4/framework/system/Database/Database.php(68): CodeIgniter\Database\BaseConnection->initialize()
#3 /home/fahminabil/Downloads/repository/vendor/codeigniter4/framework/system/Database/Config.php(111): CodeIgniter\Database\Database->loadForge()
#4 /home/fahminabil/Downloads/repository/vendor/codeigniter4/framework/system/Commands/Database/CreateDatabase.php(136): CodeIgniter\Database\Config::forge()
#5 /home/fahminabil/Downloads/repository/vendor/codeigniter4/framework/system/CLI/Commands.php(70): CodeIgniter\Commands\Database\CreateDatabase->run()
#6 /home/fahminabil/Downloads/repository/vendor/codeigniter4/framework/system/CLI/Console.php(48): CodeIgniter\CLI\Commands->run()
#7 /home/fahminabil/Downloads/repository/vendor/codeigniter4/framework/system/Boot.php(351): CodeIgniter\CLI\Console->run()
#8 /home/fahminabil/Downloads/repository/vendor/codeigniter4/framework/system/Boot.php(104): CodeIgniter\Boot::runCommand()
#9 /home/fahminabil/Downloads/repository/spark(84): CodeIgniter\Boot::bootSpark()
#10 {main}

Next CodeIgniter\Database\Exceptions\DatabaseException: Access denied for user '****'@'localhost' in /home/fahminabil/Downloads/repository/vendor/codeigniter4/framework/system/Database/MySQLi/Connection.php:231
Stack trace:
#0 /home/fahminabil/Downloads/repository/vendor/codeigniter4/framework/system/Database/BaseConnection.php(421): CodeIgniter\Database\MySQLi\Connection->connect()
#1 /home/fahminabil/Downloads/repository/vendor/codeigniter4/framework/system/Database/Database.php(68): CodeIgniter\Database\BaseConnection->initialize()
#2 /home/fahminabil/Downloads/repository/vendor/codeigniter4/framework/system/Database/Config.php(111): CodeIgniter\Database\Database->loadForge()
#3 /home/fahminabil/Downloads/repository/vendor/codeigniter4/framework/system/Commands/Database/CreateDatabase.php(136): CodeIgniter\Database\Config::forge()
#4 /home/fahminabil/Downloads/repository/vendor/codeigniter4/framework/system/CLI/Commands.php(70): CodeIgniter\Commands\Database\CreateDatabase->run()
#5 /home/fahminabil/Downloads/repository/vendor/codeigniter4/framework/system/CLI/Console.php(48): CodeIgniter\CLI\Commands->run()
#6 /home/fahminabil/Downloads/repository/vendor/codeigniter4/framework/system/Boot.php(351): CodeIgniter\CLI\Console->run()
#7 /home/fahminabil/Downloads/repository/vendor/codeigniter4/framework/system/Boot.php(104): CodeIgniter\Boot::runCommand()
#8 /home/fahminabil/Downloads/repository/spark(84): CodeIgniter\Boot::bootSpark()
#9 {main}
ERROR - 2024-07-09 06:06:03 --> Error connecting to the database: mysqli_sql_exception: Access denied for user 'root'@'localhost' in /home/fahminabil/Downloads/repository/vendor/codeigniter4/framework/system/Database/MySQLi/Connection.php:186
Stack trace:
#0 /home/fahminabil/Downloads/repository/vendor/codeigniter4/framework/system/Database/MySQLi/Connection.php(186): mysqli->real_connect()
#1 /home/fahminabil/Downloads/repository/vendor/codeigniter4/framework/system/Database/BaseConnection.php(421): CodeIgniter\Database\MySQLi\Connection->connect()
#2 /home/fahminabil/Downloads/repository/vendor/codeigniter4/framework/system/Database/Database.php(68): CodeIgniter\Database\BaseConnection->initialize()
#3 /home/fahminabil/Downloads/repository/vendor/codeigniter4/framework/system/Database/Config.php(111): CodeIgniter\Database\Database->loadForge()
#4 /home/fahminabil/Downloads/repository/vendor/codeigniter4/framework/system/Commands/Database/CreateDatabase.php(136): CodeIgniter\Database\Config::forge()
#5 /home/fahminabil/Downloads/repository/vendor/codeigniter4/framework/system/CLI/Commands.php(70): CodeIgniter\Commands\Database\CreateDatabase->run()
#6 /home/fahminabil/Downloads/repository/vendor/codeigniter4/framework/system/CLI/Console.php(48): CodeIgniter\CLI\Commands->run()
#7 /home/fahminabil/Downloads/repository/vendor/codeigniter4/framework/system/Boot.php(351): CodeIgniter\CLI\Console->run()
#8 /home/fahminabil/Downloads/repository/vendor/codeigniter4/framework/system/Boot.php(104): CodeIgniter\Boot::runCommand()
#9 /home/fahminabil/Downloads/repository/spark(84): CodeIgniter\Boot::bootSpark()
#10 {main}

Next CodeIgniter\Database\Exceptions\DatabaseException: Access denied for user '****'@'localhost' in /home/fahminabil/Downloads/repository/vendor/codeigniter4/framework/system/Database/MySQLi/Connection.php:231
Stack trace:
#0 /home/fahminabil/Downloads/repository/vendor/codeigniter4/framework/system/Database/BaseConnection.php(421): CodeIgniter\Database\MySQLi\Connection->connect()
#1 /home/fahminabil/Downloads/repository/vendor/codeigniter4/framework/system/Database/Database.php(68): CodeIgniter\Database\BaseConnection->initialize()
#2 /home/fahminabil/Downloads/repository/vendor/codeigniter4/framework/system/Database/Config.php(111): CodeIgniter\Database\Database->loadForge()
#3 /home/fahminabil/Downloads/repository/vendor/codeigniter4/framework/system/Commands/Database/CreateDatabase.php(136): CodeIgniter\Database\Config::forge()
#4 /home/fahminabil/Downloads/repository/vendor/codeigniter4/framework/system/CLI/Commands.php(70): CodeIgniter\Commands\Database\CreateDatabase->run()
#5 /home/fahminabil/Downloads/repository/vendor/codeigniter4/framework/system/CLI/Console.php(48): CodeIgniter\CLI\Commands->run()
#6 /home/fahminabil/Downloads/repository/vendor/codeigniter4/framework/system/Boot.php(351): CodeIgniter\CLI\Console->run()
#7 /home/fahminabil/Downloads/repository/vendor/codeigniter4/framework/system/Boot.php(104): CodeIgniter\Boot::runCommand()
#8 /home/fahminabil/Downloads/repository/spark(84): CodeIgniter\Boot::bootSpark()
#9 {main}
ERROR - 2024-07-09 06:06:18 --> Error connecting to the database: mysqli_sql_exception: Unknown database 'repository' in /home/fahminabil/Downloads/repository/vendor/codeigniter4/framework/system/Database/MySQLi/Connection.php:186
Stack trace:
#0 /home/fahminabil/Downloads/repository/vendor/codeigniter4/framework/system/Database/MySQLi/Connection.php(186): mysqli->real_connect()
#1 /home/fahminabil/Downloads/repository/vendor/codeigniter4/framework/system/Database/BaseConnection.php(421): CodeIgniter\Database\MySQLi\Connection->connect()
#2 /home/fahminabil/Downloads/repository/vendor/codeigniter4/framework/system/Database/Database.php(68): CodeIgniter\Database\BaseConnection->initialize()
#3 /home/fahminabil/Downloads/repository/vendor/codeigniter4/framework/system/Database/Config.php(111): CodeIgniter\Database\Database->loadForge()
#4 /home/fahminabil/Downloads/repository/vendor/codeigniter4/framework/system/Commands/Database/CreateDatabase.php(136): CodeIgniter\Database\Config::forge()
#5 /home/fahminabil/Downloads/repository/vendor/codeigniter4/framework/system/CLI/Commands.php(70): CodeIgniter\Commands\Database\CreateDatabase->run()
#6 /home/fahminabil/Downloads/repository/vendor/codeigniter4/framework/system/CLI/Console.php(48): CodeIgniter\CLI\Commands->run()
#7 /home/fahminabil/Downloads/repository/vendor/codeigniter4/framework/system/Boot.php(351): CodeIgniter\CLI\Console->run()
#8 /home/fahminabil/Downloads/repository/vendor/codeigniter4/framework/system/Boot.php(104): CodeIgniter\Boot::runCommand()
#9 /home/fahminabil/Downloads/repository/spark(84): CodeIgniter\Boot::bootSpark()
#10 {main}

Next CodeIgniter\Database\Exceptions\DatabaseException: Unknown database 'repository' in /home/fahminabil/Downloads/repository/vendor/codeigniter4/framework/system/Database/MySQLi/Connection.php:231
Stack trace:
#0 /home/fahminabil/Downloads/repository/vendor/codeigniter4/framework/system/Database/BaseConnection.php(421): CodeIgniter\Database\MySQLi\Connection->connect()
#1 /home/fahminabil/Downloads/repository/vendor/codeigniter4/framework/system/Database/Database.php(68): CodeIgniter\Database\BaseConnection->initialize()
#2 /home/fahminabil/Downloads/repository/vendor/codeigniter4/framework/system/Database/Config.php(111): CodeIgniter\Database\Database->loadForge()
#3 /home/fahminabil/Downloads/repository/vendor/codeigniter4/framework/system/Commands/Database/CreateDatabase.php(136): CodeIgniter\Database\Config::forge()
#4 /home/fahminabil/Downloads/repository/vendor/codeigniter4/framework/system/CLI/Commands.php(70): CodeIgniter\Commands\Database\CreateDatabase->run()
#5 /home/fahminabil/Downloads/repository/vendor/codeigniter4/framework/system/CLI/Console.php(48): CodeIgniter\CLI\Commands->run()
#6 /home/fahminabil/Downloads/repository/vendor/codeigniter4/framework/system/Boot.php(351): CodeIgniter\CLI\Console->run()
#7 /home/fahminabil/Downloads/repository/vendor/codeigniter4/framework/system/Boot.php(104): CodeIgniter\Boot::runCommand()
#8 /home/fahminabil/Downloads/repository/spark(84): CodeIgniter\Boot::bootSpark()
#9 {main}
ERROR - 2024-07-09 06:06:45 --> Error connecting to the database: mysqli_sql_exception: Unknown database 'repository' in /home/fahminabil/Downloads/repository/vendor/codeigniter4/framework/system/Database/MySQLi/Connection.php:186
Stack trace:
#0 /home/fahminabil/Downloads/repository/vendor/codeigniter4/framework/system/Database/MySQLi/Connection.php(186): mysqli->real_connect()
#1 /home/fahminabil/Downloads/repository/vendor/codeigniter4/framework/system/Database/BaseConnection.php(421): CodeIgniter\Database\MySQLi\Connection->connect()
#2 /home/fahminabil/Downloads/repository/vendor/codeigniter4/framework/system/Database/Database.php(68): CodeIgniter\Database\BaseConnection->initialize()
#3 /home/fahminabil/Downloads/repository/vendor/codeigniter4/framework/system/Database/Config.php(111): CodeIgniter\Database\Database->loadForge()
#4 /home/fahminabil/Downloads/repository/vendor/codeigniter4/framework/system/Commands/Database/CreateDatabase.php(136): CodeIgniter\Database\Config::forge()
#5 /home/fahminabil/Downloads/repository/vendor/codeigniter4/framework/system/CLI/Commands.php(70): CodeIgniter\Commands\Database\CreateDatabase->run()
#6 /home/fahminabil/Downloads/repository/vendor/codeigniter4/framework/system/CLI/Console.php(48): CodeIgniter\CLI\Commands->run()
#7 /home/fahminabil/Downloads/repository/vendor/codeigniter4/framework/system/Boot.php(351): CodeIgniter\CLI\Console->run()
#8 /home/fahminabil/Downloads/repository/vendor/codeigniter4/framework/system/Boot.php(104): CodeIgniter\Boot::runCommand()
#9 /home/fahminabil/Downloads/repository/spark(84): CodeIgniter\Boot::bootSpark()
#10 {main}

Next CodeIgniter\Database\Exceptions\DatabaseException: Unknown database 'repository' in /home/fahminabil/Downloads/repository/vendor/codeigniter4/framework/system/Database/MySQLi/Connection.php:231
Stack trace:
#0 /home/fahminabil/Downloads/repository/vendor/codeigniter4/framework/system/Database/BaseConnection.php(421): CodeIgniter\Database\MySQLi\Connection->connect()
#1 /home/fahminabil/Downloads/repository/vendor/codeigniter4/framework/system/Database/Database.php(68): CodeIgniter\Database\BaseConnection->initialize()
#2 /home/fahminabil/Downloads/repository/vendor/codeigniter4/framework/system/Database/Config.php(111): CodeIgniter\Database\Database->loadForge()
#3 /home/fahminabil/Downloads/repository/vendor/codeigniter4/framework/system/Commands/Database/CreateDatabase.php(136): CodeIgniter\Database\Config::forge()
#4 /home/fahminabil/Downloads/repository/vendor/codeigniter4/framework/system/CLI/Commands.php(70): CodeIgniter\Commands\Database\CreateDatabase->run()
#5 /home/fahminabil/Downloads/repository/vendor/codeigniter4/framework/system/CLI/Console.php(48): CodeIgniter\CLI\Commands->run()
#6 /home/fahminabil/Downloads/repository/vendor/codeigniter4/framework/system/Boot.php(351): CodeIgniter\CLI\Console->run()
#7 /home/fahminabil/Downloads/repository/vendor/codeigniter4/framework/system/Boot.php(104): CodeIgniter\Boot::runCommand()
#8 /home/fahminabil/Downloads/repository/spark(84): CodeIgniter\Boot::bootSpark()
#9 {main}
ERROR - 2024-07-09 06:07:04 --> Error connecting to the database: mysqli_sql_exception: Unknown database 'repository' in /home/fahminabil/Downloads/repository/vendor/codeigniter4/framework/system/Database/MySQLi/Connection.php:186
Stack trace:
#0 /home/fahminabil/Downloads/repository/vendor/codeigniter4/framework/system/Database/MySQLi/Connection.php(186): mysqli->real_connect()
#1 /home/fahminabil/Downloads/repository/vendor/codeigniter4/framework/system/Database/BaseConnection.php(421): CodeIgniter\Database\MySQLi\Connection->connect()
#2 /home/fahminabil/Downloads/repository/vendor/codeigniter4/framework/system/Database/Database.php(68): CodeIgniter\Database\BaseConnection->initialize()
#3 /home/fahminabil/Downloads/repository/vendor/codeigniter4/framework/system/Database/Config.php(111): CodeIgniter\Database\Database->loadForge()
#4 /home/fahminabil/Downloads/repository/vendor/codeigniter4/framework/system/Commands/Database/CreateDatabase.php(136): CodeIgniter\Database\Config::forge()
#5 /home/fahminabil/Downloads/repository/vendor/codeigniter4/framework/system/CLI/Commands.php(70): CodeIgniter\Commands\Database\CreateDatabase->run()
#6 /home/fahminabil/Downloads/repository/vendor/codeigniter4/framework/system/CLI/Console.php(48): CodeIgniter\CLI\Commands->run()
#7 /home/fahminabil/Downloads/repository/vendor/codeigniter4/framework/system/Boot.php(351): CodeIgniter\CLI\Console->run()
#8 /home/fahminabil/Downloads/repository/vendor/codeigniter4/framework/system/Boot.php(104): CodeIgniter\Boot::runCommand()
#9 /home/fahminabil/Downloads/repository/spark(84): CodeIgniter\Boot::bootSpark()
#10 {main}

Next CodeIgniter\Database\Exceptions\DatabaseException: Unknown database 'repository' in /home/fahminabil/Downloads/repository/vendor/codeigniter4/framework/system/Database/MySQLi/Connection.php:231
Stack trace:
#0 /home/fahminabil/Downloads/repository/vendor/codeigniter4/framework/system/Database/BaseConnection.php(421): CodeIgniter\Database\MySQLi\Connection->connect()
#1 /home/fahminabil/Downloads/repository/vendor/codeigniter4/framework/system/Database/Database.php(68): CodeIgniter\Database\BaseConnection->initialize()
#2 /home/fahminabil/Downloads/repository/vendor/codeigniter4/framework/system/Database/Config.php(111): CodeIgniter\Database\Database->loadForge()
#3 /home/fahminabil/Downloads/repository/vendor/codeigniter4/framework/system/Commands/Database/CreateDatabase.php(136): CodeIgniter\Database\Config::forge()
#4 /home/fahminabil/Downloads/repository/vendor/codeigniter4/framework/system/CLI/Commands.php(70): CodeIgniter\Commands\Database\CreateDatabase->run()
#5 /home/fahminabil/Downloads/repository/vendor/codeigniter4/framework/system/CLI/Console.php(48): CodeIgniter\CLI\Commands->run()
#6 /home/fahminabil/Downloads/repository/vendor/codeigniter4/framework/system/Boot.php(351): CodeIgniter\CLI\Console->run()
#7 /home/fahminabil/Downloads/repository/vendor/codeigniter4/framework/system/Boot.php(104): CodeIgniter\Boot::runCommand()
#8 /home/fahminabil/Downloads/repository/spark(84): CodeIgniter\Boot::bootSpark()
#9 {main}
ERROR - 2024-07-09 06:07:34 --> Error connecting to the database: mysqli_sql_exception: Access denied for user 'root'@'localhost' in /home/fahminabil/Downloads/repository/vendor/codeigniter4/framework/system/Database/MySQLi/Connection.php:186
Stack trace:
#0 /home/fahminabil/Downloads/repository/vendor/codeigniter4/framework/system/Database/MySQLi/Connection.php(186): mysqli->real_connect()
#1 /home/fahminabil/Downloads/repository/vendor/codeigniter4/framework/system/Database/BaseConnection.php(421): CodeIgniter\Database\MySQLi\Connection->connect()
#2 /home/fahminabil/Downloads/repository/vendor/codeigniter4/framework/system/Database/Database.php(68): CodeIgniter\Database\BaseConnection->initialize()
#3 /home/fahminabil/Downloads/repository/vendor/codeigniter4/framework/system/Database/Config.php(111): CodeIgniter\Database\Database->loadForge()
#4 /home/fahminabil/Downloads/repository/vendor/codeigniter4/framework/system/Commands/Database/CreateDatabase.php(136): CodeIgniter\Database\Config::forge()
#5 /home/fahminabil/Downloads/repository/vendor/codeigniter4/framework/system/CLI/Commands.php(70): CodeIgniter\Commands\Database\CreateDatabase->run()
#6 /home/fahminabil/Downloads/repository/vendor/codeigniter4/framework/system/CLI/Console.php(48): CodeIgniter\CLI\Commands->run()
#7 /home/fahminabil/Downloads/repository/vendor/codeigniter4/framework/system/Boot.php(351): CodeIgniter\CLI\Console->run()
#8 /home/fahminabil/Downloads/repository/vendor/codeigniter4/framework/system/Boot.php(104): CodeIgniter\Boot::runCommand()
#9 /home/fahminabil/Downloads/repository/spark(84): CodeIgniter\Boot::bootSpark()
#10 {main}

Next CodeIgniter\Database\Exceptions\DatabaseException: Access denied for user '****'@'localhost' in /home/fahminabil/Downloads/repository/vendor/codeigniter4/framework/system/Database/MySQLi/Connection.php:231
Stack trace:
#0 /home/fahminabil/Downloads/repository/vendor/codeigniter4/framework/system/Database/BaseConnection.php(421): CodeIgniter\Database\MySQLi\Connection->connect()
#1 /home/fahminabil/Downloads/repository/vendor/codeigniter4/framework/system/Database/Database.php(68): CodeIgniter\Database\BaseConnection->initialize()
#2 /home/fahminabil/Downloads/repository/vendor/codeigniter4/framework/system/Database/Config.php(111): CodeIgniter\Database\Database->loadForge()
#3 /home/fahminabil/Downloads/repository/vendor/codeigniter4/framework/system/Commands/Database/CreateDatabase.php(136): CodeIgniter\Database\Config::forge()
#4 /home/fahminabil/Downloads/repository/vendor/codeigniter4/framework/system/CLI/Commands.php(70): CodeIgniter\Commands\Database\CreateDatabase->run()
#5 /home/fahminabil/Downloads/repository/vendor/codeigniter4/framework/system/CLI/Console.php(48): CodeIgniter\CLI\Commands->run()
#6 /home/fahminabil/Downloads/repository/vendor/codeigniter4/framework/system/Boot.php(351): CodeIgniter\CLI\Console->run()
#7 /home/fahminabil/Downloads/repository/vendor/codeigniter4/framework/system/Boot.php(104): CodeIgniter\Boot::runCommand()
#8 /home/fahminabil/Downloads/repository/spark(84): CodeIgniter\Boot::bootSpark()
#9 {main}
